Arguments: 
  /Users/emmanuelakinde/.nvm/versions/node/v16.14.0/bin/node /Users/emmanuelakinde/.yarn/bin/yarn.js add typescript

PATH: 
  /usr/local/opt/openjdk@11/bin:/Library/Java/JavaVirtualMachines/jdk1.8.0_144.jdk/Contents/Home/bin:/usr/local/opt/openjdk/bin:/Users/emmanuelakinde/.yarn/bin:/Users/emmanuelakinde/.config/yarn/global/node_modules/.bin:/Users/emmanuelakinde/.nvm/versions/node/v16.14.0/bin:/usr/local/opt/node@12/bin:/Users/emmanuelakinde/Library/Python/3.7/bin:/Users/emmanuelakinde/mongodb/bin:/bin:/sbin:/usr/bin:/usr/local/sbin:/usr/local/bin:/opt/local/bin:/opt/local/sbin:/Library/Frameworks/Python.framework/Versions/3.7/bin:/Library/Frameworks/Python.framework/Versions/2.7/bin:/usr/local/bin:/usr/bin:/bin:/usr/sbin:/sbin:opt/local/bin:/Library/TeX/texbin:/opt/X11/bin:/Library/Apple/usr/bin:/opt/ImageMagick/bin:/Applications/Postgres.app/Contents/Versions/latest/bin:/usr/local/opt/openjdk@11/bin:/Library/Java/JavaVirtualMachines/jdk1.8.0_144.jdk/Contents/Home/bin:/usr/local/opt/openjdk/bin:/Users/emmanuelakinde/.yarn/bin:/Users/emmanuelakinde/.config/yarn/global/node_modules/.bin:/Users/emmanuelakinde/.nvm/versions/node/v16.14.0/bin:/usr/local/opt/node@12/bin:/Users/emmanuelakinde/Library/Python/3.7/bin:/Users/emmanuelakinde/mongodb/bin:/usr/local/sbin:/opt/local/bin:/opt/local/sbin:/Library/Frameworks/Python.framework/Versions/3.7/bin:/Library/Frameworks/Python.framework/Versions/2.7/bin:/Users/emmanuelakinde/.cargo/bin:/Users/emmanuelakinde/npm-global/bin:/Users/emmanuelakinde/Library/Android/sdk/tools:/Users/emmanuelakinde/Library/Android/sdk/platform-tools:/Users/emmanuelakinde/bin:/Users/emmanuelakinde/flutter/bin:/Users/emmanuelakinde/npm-global/bin:/Users/emmanuelakinde/Library/Android/sdk/tools:/Users/emmanuelakinde/Library/Android/sdk/platform-tools:/opt/local/bin:/Users/emmanuelakinde/bin:/Users/emmanuelakinde/flutter/bin

Yarn version: 
  1.22.4

Node version: 
  16.14.0

Platform: 
  darwin x64

Trace: 
  Error: https://registry.yarnpkg.com/typescript: ESOCKETTIMEDOUT
      at ClientRequest.<anonymous> (/Users/emmanuelakinde/.yarn/lib/cli.js:141375:19)
      at Object.onceWrapper (node:events:639:28)
      at ClientRequest.emit (node:events:520:28)
      at TLSSocket.emitRequestTimeout (node:_http_client:758:9)
      at Object.onceWrapper (node:events:639:28)
      at TLSSocket.emit (node:events:532:35)
      at TLSSocket.Socket._onTimeout (node:net:501:8)
      at listOnTimeout (node:internal/timers:559:17)
      at processTimers (node:internal/timers:502:7)

npm manifest: 
  {
    "name": "maps",
    "version": "1.0.0",
    "description": "",
    "main": "src/index.ts",
    "scripts": {
      "start": "parcel index.html",
      "test": "echo \"Error: no test specified\" && exit 1"
    },
    "keywords": [],
    "author": "",
    "license": "ISC",
    "dependencies": {
      "@types/faker": "^6.6.9",
      "faker": "^6.6.6"
    }
  }

yarn manifest: 
  No manifest

Lockfile: 
  # THIS IS AN AUTOGENERATED FILE. DO NOT EDIT THIS FILE DIRECTLY.
  # yarn lockfile v1
  
  
  "@types/faker@^6.6.9":
    version "6.6.9"
    resolved "https://registry.yarnpkg.com/@types/faker/-/faker-6.6.9.tgz#1064e7c46be58388fa326e2f918a4f02ab740a7a"
    integrity sha512-Y9YYm5L//8ooiiknO++4Gr539zzdI0j3aXnOBjo1Vk+kTvffY10GuE2wn78AFPECwZ5MYGTjiDVw1naLLdDimw==
    dependencies:
      faker "*"
  
  faker@*, faker@^6.6.6:
    version "6.6.6"
    resolved "https://registry.yarnpkg.com/faker/-/faker-6.6.6.tgz#e9529da0109dca4c7c5dbfeaadbd9234af943033"
    integrity sha512-9tCqYEDHI5RYFQigXFwF1hnCwcWCOJl/hmll0lr5D2Ljjb0o4wphb69wikeJDz5qCEzXCoPvG6ss5SDP6IfOdg==
  
  typescript@^4.6.2:
    version "4.6.2"
    resolved "https://registry.yarnpkg.com/typescript/-/typescript-4.6.2.tgz#fe12d2727b708f4eef40f51598b3398baa9611d4"
    integrity sha512-HM/hFigTBHZhLXshn9sN37H085+hQGeJHJ/X7LpBWLID/fbc2acUMfU+lGD98X81sKP+pFa9f0DZmCwB9GnbAg==
